\BOOKMARK [0][]{chapter.1}{\376\377\0001\000\040\000I\000n\000d\000l\000e\000d\000n\000i\000n\000g}{}% 1
\BOOKMARK [0][]{chapter.2}{\376\377\0002\000\040\000N\000i\000v\000e\000a\000u\000\040\0001}{}% 2
\BOOKMARK [1][]{section*.3}{\376\377\000E\000v\000n\000e\000\040\000b\000e\000s\000k\000r\000i\000v\000e\000l\000s\000e}{chapter.2}% 3
\BOOKMARK [2][]{subsection*.4}{\376\377\000E\000k\000s\000t\000r\000a\000\040\000L\000P\000\040\000N\000i\000v\000.\000\040\0001}{section*.3}% 4
\BOOKMARK [2][]{subsection*.5}{\376\377\000F\000\370\000r\000s\000t\000e\000h\000j\000\346\000l\000p}{section*.3}% 5
\BOOKMARK [2][]{subsection*.6}{\376\377\000I\000n\000d\000k\000o\000m\000s\000t}{section*.3}% 6
\BOOKMARK [2][]{subsection*.7}{\376\377\000L\000o\000m\000m\000e\000t\000y\000v\000e\000r\000i\000\040\000N\000i\000v\000.\000\040\0001}{section*.3}% 7
\BOOKMARK [2][]{subsection*.8}{\376\377\000N\000a\000t\000u\000r\000k\000u\000n\000d\000s\000k\000a\000b}{section*.3}% 8
\BOOKMARK [0][]{chapter.3}{\376\377\0003\000\040\000N\000i\000v\000e\000a\000u\000\040\0002}{}% 9
\BOOKMARK [1][]{section*.10}{\376\377\000E\000v\000n\000e\000\040\000b\000e\000s\000k\000r\000i\000v\000e\000l\000s\000e}{chapter.3}% 10
\BOOKMARK [2][]{subsection*.11}{\376\377\000E\000k\000s\000t\000r\000a\000\040\000L\000P\000\040\000N\000i\000v\000.\000\040\0002}{section*.10}% 11
\BOOKMARK [2][]{subsection*.12}{\376\377\000E\000k\000s\000t\000r\000a\000\040\000N\000K\000\040\000N\000i\000v\000.\000\040\0001}{section*.10}% 12
\BOOKMARK [2][]{subsection*.13}{\376\377\000K\000e\000m\000i\000s\000k\000\040\000v\000\345\000b\000e\000n}{section*.10}% 13
\BOOKMARK [2][]{subsection*.14}{\376\377\000M\000i\000n\000e\000a\000r\000b\000e\000j\000d\000e\000r}{section*.10}% 14
\BOOKMARK [2][]{subsection*.15}{\376\377\000S\000a\000m\000l\000e\000r}{section*.10}% 15
\BOOKMARK [2][]{subsection*.15}{\376\377\000S\000m\000i\000d\000i\000g\000h\000e\000d}{section*.10}% 16
\BOOKMARK [2][]{subsection*.16}{\376\377\000U\000r\000t\000e\000s\000a\000m\000l\000e\000r}{section*.10}% 17
\BOOKMARK [0][]{chapter.4}{\376\377\0004\000\040\000N\000i\000v\000e\000a\000u\000\040\0003}{}% 18
\BOOKMARK [1][]{section*.18}{\376\377\000E\000v\000n\000e\000\040\000b\000e\000s\000k\000r\000i\000v\000e\000l\000s\000e}{chapter.4}% 19
\BOOKMARK [2][]{subsection*.19}{\376\377\000L\000\346\000s\000e\000\040\000o\000g\000\040\000s\000k\000r\000i\000v\000e\000\040\000E\000l\000v\000i\000s\000k}{section*.18}% 20
\BOOKMARK [2][]{subsection*.21}{\376\377\000N\000a\000t\000u\000r\000l\000i\000g\000\040\000B\000u\000e\000s\000k\000y\000t\000t\000e}{section*.18}% 21
\BOOKMARK [2][]{subsection*.22}{\376\377\000N\000a\000t\000u\000r\000\040\000E\000k\000s\000p\000e\000r\000t}{section*.18}% 22
\BOOKMARK [0][]{chapter.5}{\376\377\0005\000\040\000N\000i\000v\000e\000a\000u\000\040\0004}{}% 23
\BOOKMARK [1][]{section*.23}{\376\377\000E\000v\000n\000e\000\040\000b\000e\000s\000k\000r\000i\000v\000e\000l\000s\000e\000\040\000f\000o\000r\000\040\000S\000k\000o\000v\000r\000i\000d\000e\000r}{chapter.5}% 24
\BOOKMARK [2][]{section*.24}{\376\377\000E\000k\000s\000t\000r\000a\000\040\000L\000P\000\040\000N\000i\000v\000.\000\040\0003}{section*.23}% 25
\BOOKMARK [2][]{subsection*.25}{\376\377\000N\000a\000t\000u\000r\000e\000n\000s\000\040\000K\000l\000i\000n\000g\000e}{section*.23}% 26
\BOOKMARK [2][]{subsection*.26}{\376\377\000R\000u\000n\000e\000\040\000K\000e\000n\000d\000s\000k\000a\000b}{section*.23}% 27
\BOOKMARK [1][]{section*.27}{\376\377\000E\000v\000n\000e\000\040\000b\000e\000s\000k\000r\000i\000v\000e\000l\000s\000e\000\040\000f\000o\000r\000\040\000N\000a\000t\000u\000r\000f\000o\000r\000v\000a\000l\000t\000e\000r}{chapter.5}% 28
\BOOKMARK [2][]{subsection*.28}{\376\377\000A\000l\000t\000\040\000e\000r\000\040\000e\000t}{section*.27}% 29
\BOOKMARK [2][]{subsection*.29}{\376\377\000L\000\346\000s\000e\000\040\000o\000g\000\040\000s\000k\000r\000i\000v\000e\000\040\000H\000e\000l\000l\000i\000g}{section*.27}% 30
\BOOKMARK [2][]{subsection*.31}{\376\377\000N\000a\000t\000u\000r\000l\000i\000g\000\040\000O\000a\000s\000e}{section*.27}% 31
\BOOKMARK [2][]{subsection*.32}{\376\377\000U\000r\000t\000e\000u\000d\000v\000a\000l\000g}{section*.27}% 32
\BOOKMARK [0][]{chapter*.37}{\376\377\000G\000e\000n\000e\000r\000e\000l\000l\000e\000\040\000e\000v\000n\000e\000r}{}% 33
\BOOKMARK [1][]{table.caption.38}{\376\377\000E\000v\000n\000e\000\040\000b\000e\000s\000k\000r\000i\000v\000e\000l\000s\000e}{chapter*.37}% 34
\BOOKMARK [2][]{subsection*.39}{\376\377\0006\000.\000\040\000s\000a\000n\000s\000\040\000N\000i\000v\000.\000\040\0001}{table.caption.38}% 35
\BOOKMARK [2][]{subsection*.40}{\376\377\0006\000.\000\040\000s\000a\000n\000s\000\040\000N\000i\000v\000.\000\040\0002}{table.caption.38}% 36
\BOOKMARK [2][]{subsection*.41}{\376\377\000B\000o\000n\000k}{table.caption.38}% 37
\BOOKMARK [2][]{subsection*.42}{\376\377\000B\000r\000u\000g\000\040\000a\000f\000\040\000p\000i\000s\000t\000o\000l}{table.caption.38}% 38
\BOOKMARK [2][]{subsection*.43}{\376\377\000B\000\346\000r\000e\000\040\000p\000e\000r\000s\000o\000n}{table.caption.38}% 39
\BOOKMARK [2][]{subsection*.44}{\376\377\000F\000\370\000r\000s\000t\000e\000h\000j\000\346\000l\000p}{table.caption.38}% 40
\BOOKMARK [2][]{subsection*.45}{\376\377\000L\000\346\000s\000e\000\040\000o\000g\000\040\000s\000k\000r\000i\000v\000e}{table.caption.38}% 41
\BOOKMARK [2][]{subsection*.46}{\376\377\000M\000i\000n\000e\000a\000r\000b\000e\000j\000d\000e\000r}{table.caption.38}% 42
\BOOKMARK [2][]{subsection*.47}{\376\377\000P\000\345\000f\000\370\000r\000\040\000g\000i\000f\000t}{table.caption.38}% 43
\BOOKMARK [2][]{subsection*.48}{\376\377\000S\000l\000a\000g\000s\000b\000r\000o\000r\000\040\000N\000i\000v\000.\000\040\0001}{table.caption.38}% 44
\BOOKMARK [2][]{subsection*.49}{\376\377\000S\000l\000a\000g\000s\000b\000r\000o\000r\000\040\000N\000i\000v\000.\000\040\0002}{table.caption.38}% 45
\BOOKMARK [2][]{subsection*.50}{\376\377\000S\000l\000a\000g\000s\000b\000r\000o\000r\000\040\000N\000i\000v\000.\000\040\0002}{table.caption.38}% 46
\BOOKMARK [2][]{subsection*.51}{\376\377\000S\000p\000e\000c\000i\000a\000l\000e}{table.caption.38}% 47
\BOOKMARK [2][]{subsection*.52}{\376\377\000U\000r\000t\000e\000s\000a\000m\000l\000e\000r}{table.caption.38}% 48
